[0.031s] Invoking command in '/home/user/ros2_ws/build/my_bot': CMAKE_PREFIX_PATH=${CMAKE_PREFIX_PATH}:/home/simulations/ros2_sims_ws/install/rclrs_tests:/home/simulations/ros2_sims_ws/install/examples_rclrs_minimal_client_service:/home/simulations/ros2_sims_ws/install/sensor_msgs_py:/home/simulations/ros2_sims_ws/install/examples_rclrs_minimal_pub_sub:/home/simulations/ros2_sims_ws/install/examples_rclrs_message_demo:/home/simulations/ros2_sims_ws/install/rclrs:/home/simulations/ros2_sims_ws/install/rosidl_runtime_rs:/opt/ros/humble _=/usr/bin/env /usr/bin/cmake /home/user/ros2_ws/src/my_bot -DAMENT_CMAKE_SYMLINK_INSTALL=1 -DCMAKE_INSTALL_PREFIX=/home/user/ros2_ws/install/my_bot
[0.350s] -- The C compiler identification is GNU 11.4.0
[0.528s] -- The CXX compiler identification is GNU 11.4.0
[0.545s] -- Detecting C compiler ABI info
[0.662s] -- Detecting C compiler ABI info - done
[0.670s] -- Check for working C compiler: /usr/bin/cc - skipped
[0.671s] -- Detecting C compile features
[0.672s] -- Detecting C compile features - done
[0.678s] -- Detecting CXX compiler ABI info
[0.790s] -- Detecting CXX compiler ABI info - done
[0.798s] -- Check for working CXX compiler: /usr/bin/c++ - skipped
[0.799s] -- Detecting CXX compile features
[0.800s] -- Detecting CXX compile features - done
[0.824s] -- Found ament_cmake: 1.3.8 (/opt/ros/humble/share/ament_cmake/cmake)
[1.147s] -- Found Python3: /usr/bin/python3 (found version "3.10.12") found components: Interpreter 
[1.270s] -- Override CMake install command with custom implementation using symlinks instead of copying resources
[1.483s] -- Found ament_lint_auto: 0.12.10 (/opt/ros/humble/share/ament_lint_auto/cmake)
[1.728s] -- Added test 'copyright' to check source files copyright and LICENSE
[1.739s] -- Added test 'flake8' to check Python code syntax and style conventions
[1.742s] -- Added test 'lint_cmake' to check CMake code style
[1.744s] -- Added test 'pep257' to check Python code against some of the docstring style conventions in PEP 257
[1.750s] -- Added test 'xmllint' to check XML markup files
[1.754s] -- Configuring done
[1.757s] -- Generating done
[1.758s] -- Build files have been written to: /home/user/ros2_ws/build/my_bot
[1.763s] Invoked command in '/home/user/ros2_ws/build/my_bot' returned '0': CMAKE_PREFIX_PATH=${CMAKE_PREFIX_PATH}:/home/simulations/ros2_sims_ws/install/rclrs_tests:/home/simulations/ros2_sims_ws/install/examples_rclrs_minimal_client_service:/home/simulations/ros2_sims_ws/install/sensor_msgs_py:/home/simulations/ros2_sims_ws/install/examples_rclrs_minimal_pub_sub:/home/simulations/ros2_sims_ws/install/examples_rclrs_message_demo:/home/simulations/ros2_sims_ws/install/rclrs:/home/simulations/ros2_sims_ws/install/rosidl_runtime_rs:/opt/ros/humble _=/usr/bin/env /usr/bin/cmake /home/user/ros2_ws/src/my_bot -DAMENT_CMAKE_SYMLINK_INSTALL=1 -DCMAKE_INSTALL_PREFIX=/home/user/ros2_ws/install/my_bot
[1.767s] Invoking command in '/home/user/ros2_ws/build/my_bot': CMAKE_PREFIX_PATH=${CMAKE_PREFIX_PATH}:/home/simulations/ros2_sims_ws/install/rclrs_tests:/home/simulations/ros2_sims_ws/install/examples_rclrs_minimal_client_service:/home/simulations/ros2_sims_ws/install/sensor_msgs_py:/home/simulations/ros2_sims_ws/install/examples_rclrs_minimal_pub_sub:/home/simulations/ros2_sims_ws/install/examples_rclrs_message_demo:/home/simulations/ros2_sims_ws/install/rclrs:/home/simulations/ros2_sims_ws/install/rosidl_runtime_rs:/opt/ros/humble _=/usr/bin/env /usr/bin/cmake --build /home/user/ros2_ws/build/my_bot -- -j8 -l8
[1.832s] Invoked command in '/home/user/ros2_ws/build/my_bot' returned '0': CMAKE_PREFIX_PATH=${CMAKE_PREFIX_PATH}:/home/simulations/ros2_sims_ws/install/rclrs_tests:/home/simulations/ros2_sims_ws/install/examples_rclrs_minimal_client_service:/home/simulations/ros2_sims_ws/install/sensor_msgs_py:/home/simulations/ros2_sims_ws/install/examples_rclrs_minimal_pub_sub:/home/simulations/ros2_sims_ws/install/examples_rclrs_message_demo:/home/simulations/ros2_sims_ws/install/rclrs:/home/simulations/ros2_sims_ws/install/rosidl_runtime_rs:/opt/ros/humble _=/usr/bin/env /usr/bin/cmake --build /home/user/ros2_ws/build/my_bot -- -j8 -l8
[1.900s] Invoking command in '/home/user/ros2_ws/build/my_bot': CMAKE_PREFIX_PATH=${CMAKE_PREFIX_PATH}:/home/simulations/ros2_sims_ws/install/rclrs_tests:/home/simulations/ros2_sims_ws/install/examples_rclrs_minimal_client_service:/home/simulations/ros2_sims_ws/install/sensor_msgs_py:/home/simulations/ros2_sims_ws/install/examples_rclrs_minimal_pub_sub:/home/simulations/ros2_sims_ws/install/examples_rclrs_message_demo:/home/simulations/ros2_sims_ws/install/rclrs:/home/simulations/ros2_sims_ws/install/rosidl_runtime_rs:/opt/ros/humble _=/usr/bin/env /usr/bin/cmake --install /home/user/ros2_ws/build/my_bot
[1.912s] -- Install configuration: ""
[1.912s] -- Execute custom install script
[1.913s] -- Symlinking: /home/user/ros2_ws/install/my_bot/share/my_bot/config/empty.yaml
[1.926s] -- Symlinking: /home/user/ros2_ws/install/my_bot/share/my_bot/description/gazebo_control.xacro
[1.940s] -- Symlinking: /home/user/ros2_ws/install/my_bot/share/my_bot/description/inertial_macros.xacro
[1.952s] -- Symlinking: /home/user/ros2_ws/install/my_bot/share/my_bot/description/lidar.xacro
[1.964s] -- Symlinking: /home/user/ros2_ws/install/my_bot/share/my_bot/description/robot.urdf.xacro
[1.978s] -- Symlinking: /home/user/ros2_ws/install/my_bot/share/my_bot/description/robot_core.xacro
[1.991s] -- Symlinking: /home/user/ros2_ws/install/my_bot/share/my_bot/launch/launch_sim.launch.py
[2.002s] -- Symlinking: /home/user/ros2_ws/install/my_bot/share/my_bot/launch/rsp.launch.py
[2.013s] -- Symlinking: /home/user/ros2_ws/install/my_bot/share/my_bot/worlds/empty.world
[2.024s] -- Symlinking: /home/user/ros2_ws/install/my_bot/share/my_bot/worlds/landmarks.world
[2.034s] -- Symlinking: /home/user/ros2_ws/install/my_bot/share/my_bot/worlds/obstacles.world
[2.045s] -- Symlinking: /home/user/ros2_ws/install/my_bot/share/ament_index/resource_index/package_run_dependencies/my_bot
[2.056s] -- Symlinking: /home/user/ros2_ws/install/my_bot/share/ament_index/resource_index/parent_prefix_path/my_bot
[2.066s] -- Symlinking: /home/user/ros2_ws/install/my_bot/share/my_bot/environment/ament_prefix_path.sh
[2.076s] -- Symlinking: /home/user/ros2_ws/install/my_bot/share/my_bot/environment/ament_prefix_path.dsv
[2.086s] -- Symlinking: /home/user/ros2_ws/install/my_bot/share/my_bot/environment/path.sh
[2.097s] -- Symlinking: /home/user/ros2_ws/install/my_bot/share/my_bot/environment/path.dsv
[2.107s] -- Symlinking: /home/user/ros2_ws/install/my_bot/share/my_bot/local_setup.bash
[2.120s] -- Symlinking: /home/user/ros2_ws/install/my_bot/share/my_bot/local_setup.sh
[2.131s] -- Symlinking: /home/user/ros2_ws/install/my_bot/share/my_bot/local_setup.zsh
[2.145s] -- Symlinking: /home/user/ros2_ws/install/my_bot/share/my_bot/local_setup.dsv
[2.154s] -- Symlinking: /home/user/ros2_ws/install/my_bot/share/my_bot/package.dsv
[2.165s] -- Symlinking: /home/user/ros2_ws/install/my_bot/share/ament_index/resource_index/packages/my_bot
[2.175s] -- Symlinking: /home/user/ros2_ws/install/my_bot/share/my_bot/cmake/my_botConfig.cmake
[2.185s] -- Symlinking: /home/user/ros2_ws/install/my_bot/share/my_bot/cmake/my_botConfig-version.cmake
[2.195s] -- Symlinking: /home/user/ros2_ws/install/my_bot/share/my_bot/package.xml
[2.207s] Invoked command in '/home/user/ros2_ws/build/my_bot' returned '0': CMAKE_PREFIX_PATH=${CMAKE_PREFIX_PATH}:/home/simulations/ros2_sims_ws/install/rclrs_tests:/home/simulations/ros2_sims_ws/install/examples_rclrs_minimal_client_service:/home/simulations/ros2_sims_ws/install/sensor_msgs_py:/home/simulations/ros2_sims_ws/install/examples_rclrs_minimal_pub_sub:/home/simulations/ros2_sims_ws/install/examples_rclrs_message_demo:/home/simulations/ros2_sims_ws/install/rclrs:/home/simulations/ros2_sims_ws/install/rosidl_runtime_rs:/opt/ros/humble _=/usr/bin/env /usr/bin/cmake --install /home/user/ros2_ws/build/my_bot
